生成启动时间为 2015/6/10 12:28:29。
     1>项目“E:\document and program\program_xyz\PosTrack\PosTrack\PosTrack.vcxproj”在节点 2 上(Build 个目标)。
     1>ClCompile:
         D:\Program Files (x86)\Microsoft Visual Studio 12.0\VC\bin\x86_amd64\CL.exe /c /I".\Eigen-3.2.2" /I./NatNetSDK2.7/include/ /Zi /nologo /W3 /WX- /O2 /Oi /D WIN32 /D NDEBUG /D POSTRACK_EXPORTS /D _WINDLL /D _UNICODE /D UNICODE /Gm- /EHsc /MT /GS /Gy- /fp:precise /Zc:wchar_t /Zc:forScope /Fo"x64\X64_RELEASE\\" /Fd"x64\X64_RELEASE\vc120.pdb" /Gd /TP /errorReport:prompt PosTrackor.cpp
         PosTrackor.cpp
     1>e:\document and program\program_xyz\postrack\postrack\Definitions.h(126): warning C4244: “=”: 从“int”转换到“float”，可能丢失数据
     1>e:\document and program\program_xyz\postrack\postrack\Definitions.h(127): warning C4244: “=”: 从“int”转换到“float”，可能丢失数据
     1>e:\document and program\program_xyz\postrack\postrack\Definitions.h(128): warning C4244: “=”: 从“int”转换到“float”，可能丢失数据
     1>e:\document and program\program_xyz\postrack\postrack\Definitions.h(129): warning C4244: “=”: 从“int”转换到“float”，可能丢失数据
     1>e:\document and program\program_xyz\postrack\postrack\Definitions.h(143): warning C4244: “=”: 从“double”转换到“float”，可能丢失数据
     1>e:\document and program\program_xyz\postrack\postrack\Definitions.h(144): warning C4244: “=”: 从“double”转换到“float”，可能丢失数据
     1>e:\document and program\program_xyz\postrack\postrack\Definitions.h(145): warning C4244: “=”: 从“double”转换到“float”，可能丢失数据
     1>e:\document and program\program_xyz\postrack\postrack\Definitions.h(146): warning C4244: “=”: 从“double”转换到“float”，可能丢失数据
     1>e:\document and program\program_xyz\postrack\postrack\PosTrackor.h(30): warning C4251: “PosTrackor::CalibratedPos”: struct“Point3D_t”需要有 dll 接口由 class“PosTrackor”的客户端使用
                 e:\document and program\program_xyz\postrack\postrack\Definitions.h(228) : 参见“Point3D_t”的声明
     1>e:\document and program\program_xyz\postrack\postrack\PosTrackor.h(33): warning C4251: “PosTrackor::OpticsPosition”: struct“Point3D_t”需要有 dll 接口由 class“PosTrackor”的客户端使用
                 e:\document and program\program_xyz\postrack\postrack\Definitions.h(228) : 参见“Point3D_t”的声明
     1>e:\document and program\program_xyz\postrack\postrack\PosTrackor.h(67): warning C4251: “PosTrackor::Trans1”: struct“Point3D_t”需要有 dll 接口由 class“PosTrackor”的客户端使用
                 e:\document and program\program_xyz\postrack\postrack\Definitions.h(228) : 参见“Point3D_t”的声明
     1>e:\document and program\program_xyz\postrack\postrack\PosTrackor.h(70): warning C4251: “PosTrackor::Trans2”: struct“Point3D_t”需要有 dll 接口由 class“PosTrackor”的客户端使用
                 e:\document and program\program_xyz\postrack\postrack\Definitions.h(228) : 参见“Point3D_t”的声明
     1>e:\document and program\program_xyz\postrack\postrack\PosTrackor.h(73): warning C4251: “PosTrackor::R”: class“Eigen::Matrix<double,-1,-1,0,-1,-1>”需要有 dll 接口由 class“PosTrackor”的客户端使用
     1>PosTrackor.cpp(112): warning C4996: 'fopen': This function or variable may be unsafe. Consider using fopen_s instead. To disable deprecation, use _CRT_SECURE_NO_WARNINGS. See online help for details.
                 D:\Program Files (x86)\Microsoft Visual Studio 12.0\VC\include\stdio.h(211) : 参见“fopen”的声明
     1>PosTrackor.cpp(141): warning C4996: 'sprintf': This function or variable may be unsafe. Consider using sprintf_s instead. To disable deprecation, use _CRT_SECURE_NO_WARNINGS. See online help for details.
                 D:\Program Files (x86)\Microsoft Visual Studio 12.0\VC\include\stdio.h(356) : 参见“sprintf”的声明
       Link:
         D:\Program Files (x86)\Microsoft Visual Studio 12.0\VC\bin\x86_amd64\link.exe /ERRORREPORT:PROMPT /OUT:"E:\document and program\program_xyz\PosTrack\x64\X64_RELEASE\PosTrack.dll" /NOLOGO /LIBPATH:./NatNetSDK2.7/lib/x64 NatNetLib.lib kernel32.lib user32.lib gdi32.lib winspool.lib comdlg32.lib advapi32.lib shell32.lib ole32.lib oleaut32.lib uuid.lib odbc32.lib odbccp32.lib kernel32.lib user32.lib gdi32.lib winspool.lib comdlg32.lib advapi32.lib shell32.lib ole32.lib oleaut32.lib uuid.lib odbc32.lib odbccp32.lib /MANIFEST /MANIFESTUAC:"level='asInvoker' uiAccess='false'" /manifest:embed /DEBUG /PDB:"E:\document and program\program_xyz\PosTrack\x64\X64_RELEASE\PosTrack.pdb" /SUBSYSTEM:WINDOWS /OPT:REF /OPT:ICF /TLBID:1 /DYNAMICBASE /NXCOMPAT /IMPLIB:"E:\document and program\program_xyz\PosTrack\x64\X64_RELEASE\PosTrack.lib" /MACHINE:X64 /DLL x64\X64_RELEASE\Definitions.obj
         x64\X64_RELEASE\Funcs.obj
         x64\X64_RELEASE\NatNetConnector.obj
         x64\X64_RELEASE\NatNetDataHandler.obj
         x64\X64_RELEASE\PosTrackCalibration.obj
         x64\X64_RELEASE\PosTrackor.obj
            正在创建库 E:\document and program\program_xyz\PosTrack\x64\X64_RELEASE\PosTrack.lib 和对象 E:\document and program\program_xyz\PosTrack\x64\X64_RELEASE\PosTrack.exp
         PosTrack.vcxproj -> E:\document and program\program_xyz\PosTrack\x64\X64_RELEASE\PosTrack.dll
     1>已完成生成项目“E:\document and program\program_xyz\PosTrack\PosTrack\PosTrack.vcxproj”(Build 个目标)的操作。

生成成功。

已用时间 00:00:01.59
