生成启动时间为 2015/6/17 9:39:28。
     1>项目“E:\document and program\program_xyz\Noitom\NeuronDataReader\src\build_vs2012.vcxproj”在节点 2 上(Build 个目标)。
     1>ClCompile:
         D:\Program Files (x86)\Microsoft Visual Studio 12.0\VC\bin\x86_amd64\CL.exe /c /Zi /nologo /W3 /WX- /O2 /Oi /GL /D WIN32 /D NDEBUG /D _WINDOWS /D _USRDLL /D NEURONDATAREADER_EXPORTS /D _USING_V110_SDK71_ /D _WINDLL /D _UNICODE /D UNICODE /Gm- /EHsc /MT /GS /Gy /fp:precise /Zc:wchar_t /Zc:forScope /Yc"stdafx.h" /Fp"x64\Release\NeuronDataReader.pch" /Fo"x64\Release\\" /Fd"x64\Release\vc120.pdb" /Gd /TP /errorReport:prompt stdafx.cpp
         stdafx.cpp
         D:\Program Files (x86)\Microsoft Visual Studio 12.0\VC\bin\x86_amd64\CL.exe /c /Zi /nologo /W3 /WX- /O2 /Oi /GL /D WIN32 /D NDEBUG /D _WINDOWS /D _USRDLL /D NEURONDATAREADER_EXPORTS /D _USING_V110_SDK71_ /D _WINDLL /D _UNICODE /D UNICODE /Gm- /EHsc /MT /GS /Gy /fp:precise /Zc:wchar_t /Zc:forScope /Yu"stdafx.h" /Fp"x64\Release\NeuronDataReader.pch" /Fo"x64\Release\\" /Fd"x64\Release\vc120.pdb" /Gd /TP /errorReport:prompt CompressInfoCode.cpp CRCCode.cpp NeuronDataReader.cpp Error.cpp DataParser.cpp Sock.cpp SockClient.cpp SocketClientsManager.cpp UDPDataReceiver.cpp
         CompressInfoCode.cpp
     1>CompressInfoCode.cpp(14): warning C4305: “=”: 从“double”到“float”截断
         CRCCode.cpp
         NeuronDataReader.cpp
     1>e:\document and program\program_xyz\noitom\neurondatareader\src\ParsingStringData.h(66): warning C4244: “=”: 从“double”转换到“float”，可能丢失数据
     1>e:\document and program\program_xyz\noitom\neurondatareader\src\DataParser.h(156): warning C4018: “>”: 有符号/无符号不匹配
     1>e:\document and program\program_xyz\noitom\neurondatareader\src\DataParser.h(260): warning C4244: “参数”: 从“__int64”转换到“int”，可能丢失数据
     1>e:\document and program\program_xyz\noitom\neurondatareader\src\DataParser.h(277): warning C4244: “参数”: 从“__int64”转换到“int”，可能丢失数据
     1>e:\document and program\program_xyz\noitom\neurondatareader\src\DataParser.h(294): warning C4244: “参数”: 从“__int64”转换到“int”，可能丢失数据
         Error.cpp
     1>Error.cpp(67): warning C4267: “初始化”: 从“size_t”转换到“int”，可能丢失数据
         DataParser.cpp
     1>e:\document and program\program_xyz\noitom\neurondatareader\src\DataParser.h(156): warning C4018: “>”: 有符号/无符号不匹配
     1>e:\document and program\program_xyz\noitom\neurondatareader\src\DataParser.h(260): warning C4244: “参数”: 从“__int64”转换到“int”，可能丢失数据
     1>e:\document and program\program_xyz\noitom\neurondatareader\src\DataParser.h(277): warning C4244: “参数”: 从“__int64”转换到“int”，可能丢失数据
     1>e:\document and program\program_xyz\noitom\neurondatareader\src\DataParser.h(294): warning C4244: “参数”: 从“__int64”转换到“int”，可能丢失数据
         Sock.cpp
     1>Sock.cpp(15): warning C4150: 删除指向不完整“IDataParseDelegate”类型的指针；没有调用析构函数
                 e:\document and program\program_xyz\noitom\neurondatareader\src\Sock.h(2) : 参见“IDataParseDelegate”的声明
         SockClient.cpp
     1>e:\document and program\program_xyz\noitom\neurondatareader\src\DataParser.h(156): warning C4018: “>”: 有符号/无符号不匹配
     1>e:\document and program\program_xyz\noitom\neurondatareader\src\DataParser.h(260): warning C4244: “参数”: 从“__int64”转换到“int”，可能丢失数据
     1>e:\document and program\program_xyz\noitom\neurondatareader\src\DataParser.h(277): warning C4244: “参数”: 从“__int64”转换到“int”，可能丢失数据
     1>e:\document and program\program_xyz\noitom\neurondatareader\src\DataParser.h(294): warning C4244: “参数”: 从“__int64”转换到“int”，可能丢失数据
     1>SockClient.cpp(66): warning C4996: 'sprintf': This function or variable may be unsafe. Consider using sprintf_s instead. To disable deprecation, use _CRT_SECURE_NO_WARNINGS. See online help for details.
                 D:\Program Files (x86)\Microsoft Visual Studio 12.0\VC\include\stdio.h(356) : 参见“sprintf”的声明
         SocketClientsManager.cpp
     1>e:\document and program\program_xyz\noitom\neurondatareader\src\DataParser.h(156): warning C4018: “>”: 有符号/无符号不匹配
     1>e:\document and program\program_xyz\noitom\neurondatareader\src\DataParser.h(260): warning C4244: “参数”: 从“__int64”转换到“int”，可能丢失数据
     1>e:\document and program\program_xyz\noitom\neurondatareader\src\DataParser.h(277): warning C4244: “参数”: 从“__int64”转换到“int”，可能丢失数据
     1>e:\document and program\program_xyz\noitom\neurondatareader\src\DataParser.h(294): warning C4244: “参数”: 从“__int64”转换到“int”，可能丢失数据
     1>SocketClientsManager.cpp(46): warning C4267: “初始化”: 从“size_t”转换到“int”，可能丢失数据
     1>SocketClientsManager.cpp(76): warning C4267: “初始化”: 从“size_t”转换到“int”，可能丢失数据
     1>SocketClientsManager.cpp(105): warning C4267: “=”: 从“size_t”转换到“int”，可能丢失数据
     1>SocketClientsManager.cpp(132): warning C4267: “初始化”: 从“size_t”转换到“int”，可能丢失数据
     1>SocketClientsManager.cpp(153): warning C4267: “=”: 从“size_t”转换到“int”，可能丢失数据
     1>SocketClientsManager.cpp(176): warning C4267: “初始化”: 从“size_t”转换到“int”，可能丢失数据
     1>SocketClientsManager.cpp(186): warning C4267: “=”: 从“size_t”转换到“int”，可能丢失数据
     1>SocketClientsManager.cpp(201): warning C4267: “初始化”: 从“size_t”转换到“int”，可能丢失数据
     1>SocketClientsManager.cpp(217): warning C4267: “=”: 从“size_t”转换到“int”，可能丢失数据
     1>SocketClientsManager.cpp(231): warning C4267: “初始化”: 从“size_t”转换到“int”，可能丢失数据
     1>SocketClientsManager.cpp(243): warning C4267: “初始化”: 从“size_t”转换到“int”，可能丢失数据
     1>SocketClientsManager.cpp(272): warning C4267: “初始化”: 从“size_t”转换到“int”，可能丢失数据
         UDPDataReceiver.cpp
         D:\Program Files (x86)\Microsoft Visual Studio 12.0\VC\bin\x86_amd64\CL.exe /c /Zi /nologo /W3 /WX- /O2 /Oi /GL /D WIN32 /D NDEBUG /D _WINDOWS /D _USRDLL /D NEURONDATAREADER_EXPORTS /D _USING_V110_SDK71_ /D _WINDLL /D _UNICODE /D UNICODE /Gm- /EHsc /MT /GS /Gy /fp:precise /Zc:wchar_t /Zc:forScope /Fo"x64\Release\\" /Fd"x64\Release\vc120.pdb" /Gd /TP /errorReport:prompt dllmain.cpp
         dllmain.cpp
       ResourceCompile:
         C:\Program Files (x86)\Microsoft SDKs\Windows\v7.1A\bin\rc.exe /D _USING_V110_SDK71_ /D _UNICODE /D UNICODE /l"0x0409" /nologo /fo"x64\Release\build_vs2012.res" build_vs2012.rc 
       Link:
         D:\Program Files (x86)\Microsoft Visual Studio 12.0\VC\bin\x86_amd64\link.exe /ERRORREPORT:PROMPT /OUT:"E:\document and program\program_xyz\Noitom\NeuronDataReader\x64\Release\NeuronDataReader.dll" /INCREMENTAL:NO /NOLOGO kernel32.lib user32.lib gdi32.lib winspool.lib comdlg32.lib advapi32.lib shell32.lib ole32.lib oleaut32.lib uuid.lib odbc32.lib odbccp32.lib /MANIFEST /MANIFESTUAC:"level='asInvoker' uiAccess='false'" /manifest:embed /DEBUG /PDB:"E:\document and program\program_xyz\Noitom\NeuronDataReader\x64\Release\NeuronDataReader.pdb" /SUBSYSTEM:WINDOWS,"5.02" /OPT:REF /OPT:ICF /LTCG /TLBID:1 /DYNAMICBASE /NXCOMPAT /IMPLIB:"E:\document and program\program_xyz\Noitom\NeuronDataReader\x64\Release\NeuronDataReader.lib" /MACHINE:X64 /DLL x64\Release\build_vs2012.res
         x64\Release\CompressInfoCode.obj
         x64\Release\CRCCode.obj
         x64\Release\NeuronDataReader.obj
         x64\Release\dllmain.obj
         x64\Release\Error.obj
         x64\Release\DataParser.obj
         x64\Release\Sock.obj
         x64\Release\SockClient.obj
         x64\Release\SocketClientsManager.obj
         x64\Release\stdafx.obj
         x64\Release\UDPDataReceiver.obj
            正在创建库 E:\document and program\program_xyz\Noitom\NeuronDataReader\x64\Release\NeuronDataReader.lib 和对象 E:\document and program\program_xyz\Noitom\NeuronDataReader\x64\Release\NeuronDataReader.exp
         正在生成代码
         已完成代码的生成
         build_vs2012.vcxproj -> E:\document and program\program_xyz\Noitom\NeuronDataReader\x64\Release\NeuronDataReader.dll
     1>已完成生成项目“E:\document and program\program_xyz\Noitom\NeuronDataReader\src\build_vs2012.vcxproj”(Build 个目标)的操作。

生成成功。

已用时间 00:00:03.19
