e:\document and program\program_xyz\postrack\postrack\x64\x64_debug\vc120.pdb
e:\document and program\program_xyz\postrack\postrack\x64\x64_debug\vc120.idb
e:\document and program\program_xyz\postrack\postrack\x64\x64_debug\definitions.obj
e:\document and program\program_xyz\postrack\postrack\x64\x64_debug\funcs.obj
e:\document and program\program_xyz\postrack\postrack\x64\x64_debug\natnetconnector.obj
e:\document and program\program_xyz\postrack\postrack\x64\x64_debug\natnetdatahandler.obj
e:\document and program\program_xyz\postrack\postrack\x64\x64_debug\postrackcalibration.obj
e:\document and program\program_xyz\postrack\postrack\x64\x64_debug\postrackor.obj
e:\document and program\program_xyz\postrack\x64\x64_debug\postrack.ilk
e:\document and program\program_xyz\postrack\x64\x64_debug\postrack.dll
e:\document and program\program_xyz\postrack\x64\x64_debug\postrack.pdb
e:\document and program\program_xyz\postrack\x64\x64_debug\postrack.lib
e:\document and program\program_xyz\postrack\x64\x64_debug\postrack.exp
e:\document and program\program_xyz\postrack\postrack\x64\x64_debug\postrack.tlog\cl.command.1.tlog
e:\document and program\program_xyz\postrack\postrack\x64\x64_debug\postrack.tlog\cl.read.1.tlog
e:\document and program\program_xyz\postrack\postrack\x64\x64_debug\postrack.tlog\cl.write.1.tlog
e:\document and program\program_xyz\postrack\postrack\x64\x64_debug\postrack.tlog\link.command.1.tlog
e:\document and program\program_xyz\postrack\postrack\x64\x64_debug\postrack.tlog\link.read.1.tlog
e:\document and program\program_xyz\postrack\postrack\x64\x64_debug\postrack.tlog\link.write.1.tlog
e:\document and program\program_xyz\postrack\postrack\x64\x64_debug\postrack.tlog\postrack.write.1u.tlog
