生成启动时间为 2015/5/19 18:13:58。
     1>项目“E:\document and program\program_xyz\OptiTrack\Samples\SampleClient3D\SampleClient3D.vcxproj”在节点 2 上(Build 个目标)。
     1>ClCompile:
         D:\Program Files (x86)\Microsoft Visual Studio 12.0\VC\bin\CL.exe /c /I..\..\Include /ZI /nologo /W3 /WX- /Od /Oy- /D WIN32 /D _DEBUG /D _WINDOWS /Gm /EHsc /RTC1 /MDd /GS /fp:precise /Zc:wchar_t /Zc:forScope /Fo"Debug\\" /Fd"Debug\vc120.pdb" /Gd /TP /analyze- /errorReport:prompt GLPrint.cpp MarkerPositionCollection.cpp NATUtils.cpp OpenGlDrawingFunctions.cpp RigidBodyCollection.cpp SampleClient3D.cpp
         SampleClient3D.cpp
     1>e:\document and program\program_xyz\optitrack\samples\sampleclient3d\sampleclient3d.cpp : warning C4819: 该文件包含不能在当前代码页(936)中表示的字符。请将该文件保存为 Unicode 格式以防止数据丢失
         RigidBodyCollection.cpp
         OpenGlDrawingFunctions.cpp
         NATUtils.cpp
         MarkerPositionCollection.cpp
         GLPrint.cpp
     1>e:\document and program\program_xyz\optitrack\samples\sampleclient3d\glprint.cpp(61): warning C4996: 'vsprintf': This function or variable may be unsafe. Consider using vsprintf_s instead. To disable deprecation, use _CRT_SECURE_NO_WARNINGS. See online help for details.
                 d:\program files (x86)\microsoft visual studio 12.0\vc\include\stdio.h(356) : 参见“vsprintf”的声明
         正在生成代码...
       ResourceCompile:
         C:\Program Files (x86)\Windows Kits\8.1\bin\x86\rc.exe /D _UNICODE /D UNICODE /l"0x0409" /nologo /fo"Debug\SampleClient3D.res" SampleClient3D.rc 
       Link:
         D:\Program Files (x86)\Microsoft Visual Studio 12.0\VC\bin\link.exe /ERRORREPORT:PROMPT /OUT:"E:\document and program\program_xyz\OptiTrack\Samples\\bin\SampleClient3D.exe" /INCREMENTAL /NOLOGO /LIBPATH:..\..\lib opengl32.lib glu32.lib NatNetLibStatic.lib ws2_32.lib kernel32.lib user32.lib gdi32.lib winspool.lib comdlg32.lib advapi32.lib shell32.lib ole32.lib oleaut32.lib uuid.lib odbc32.lib odbccp32.lib /MANIFEST /MANIFESTUAC:"level='asInvoker' uiAccess='false'" /manifest:embed /DEBUG /PDB:"E:\document and program\program_xyz\OptiTrack\Samples\\bin\SampleClient3D.pdb" /SUBSYSTEM:WINDOWS /TLBID:1 /DYNAMICBASE /NXCOMPAT /IMPLIB:"E:\document and program\program_xyz\OptiTrack\Samples\\bin\SampleClient3D.lib" /MACHINE:X86 /SAFESEH Debug\SampleClient3D.res
         Debug\GLPrint.obj
         Debug\MarkerPositionCollection.obj
         Debug\NATUtils.obj
         Debug\OpenGlDrawingFunctions.obj
         Debug\RigidBodyCollection.obj
         Debug\SampleClient3D.obj
     1>GLPrint.obj : warning LNK4075: 忽略“/EDITANDCONTINUE”(由于“/SAFESEH”规范)
     1>LINK : warning LNK4098: 默认库“MSVCRT”与其他库的使用冲突；请使用 /NODEFAULTLIB:library
     1>NatNetLibStatic.lib(ClientCore.obj) : warning LNK4099: 未找到 PDB“vc100.pdb”(使用“NatNetLibStatic.lib(ClientCore.obj)”或在“E:\document and program\program_xyz\OptiTrack\Samples\bin\vc100.pdb”中寻找)；正在链接对象，如同没有调试信息一样
     1>NatNetLibStatic.lib(NatNetClient.obj) : warning LNK4099: 未找到 PDB“vc100.pdb”(使用“NatNetLibStatic.lib(NatNetClient.obj)”或在“E:\document and program\program_xyz\OptiTrack\Samples\bin\vc100.pdb”中寻找)；正在链接对象，如同没有调试信息一样
     1>NatNetLibStatic.lib(NatNetHelper.obj) : warning LNK4099: 未找到 PDB“vc100.pdb”(使用“NatNetLibStatic.lib(NatNetHelper.obj)”或在“E:\document and program\program_xyz\OptiTrack\Samples\bin\vc100.pdb”中寻找)；正在链接对象，如同没有调试信息一样
     1>NatNetLibStatic.lib(UnicastClientCore.obj) : warning LNK4099: 未找到 PDB“vc100.pdb”(使用“NatNetLibStatic.lib(UnicastClientCore.obj)”或在“E:\document and program\program_xyz\OptiTrack\Samples\bin\vc100.pdb”中寻找)；正在链接对象，如同没有调试信息一样
         SampleClient3D.vcxproj -> E:\document and program\program_xyz\OptiTrack\Samples\\bin\SampleClient3D.exe
     1>已完成生成项目“E:\document and program\program_xyz\OptiTrack\Samples\SampleClient3D\SampleClient3D.vcxproj”(Build 个目标)的操作。

生成成功。

已用时间 00:00:04.25
