生成启动时间为 2015/5/19 18:36:47。
     1>项目“E:\document and program\program_xyz\OptiTrack\Samples\SimpleServer\SimpleServer.vcxproj”在节点 2 上(Build 个目标)。
     1>ClCompile:
         D:\Program Files (x86)\Microsoft Visual Studio 12.0\VC\bin\CL.exe /c /I..\..\include /ZI /nologo /W3 /WX- /Od /Oy- /D WIN32 /D _DEBUG /D _CONSOLE /D _MBCS /Gm- /EHsc /MDd /GS /fp:precise /Zc:wchar_t /Zc:forScope /Fo"Debug\\" /Fd"Debug\vc120.pdb" /Gd /TP /analyze- /errorReport:prompt ..\SampleClient3D\NATUtils.cpp SimpleServer.cpp
         NATUtils.cpp
         SimpleServer.cpp
     1>e:\document and program\program_xyz\optitrack\samples\simpleserver\simpleserver.cpp : warning C4819: 该文件包含不能在当前代码页(936)中表示的字符。请将该文件保存为 Unicode 格式以防止数据丢失
         正在生成代码...
       Link:
         D:\Program Files (x86)\Microsoft Visual Studio 12.0\VC\bin\link.exe /ERRORREPORT:PROMPT /OUT:"E:\document and program\program_xyz\OptiTrack\Samples\\bin\SimpleServer.exe" /INCREMENTAL /NOLOGO /LIBPATH:..\..\lib NatNetLibStatic.lib ws2_32.lib winmm.lib kernel32.lib user32.lib gdi32.lib winspool.lib comdlg32.lib advapi32.lib shell32.lib ole32.lib oleaut32.lib uuid.lib odbc32.lib odbccp32.lib /MANIFEST /MANIFESTUAC:"level='asInvoker' uiAccess='false'" /manifest:embed /DEBUG /PDB:"E:\document and program\program_xyz\OptiTrack\Samples\\bin\SimpleServer.pdb" /SUBSYSTEM:CONSOLE /TLBID:1 /DYNAMICBASE /NXCOMPAT /IMPLIB:"E:\document and program\program_xyz\OptiTrack\Samples\\bin\SimpleServer.lib" /MACHINE:X86 /SAFESEH /VERBOSE:lib Debug\NATUtils.obj
         Debug\SimpleServer.obj
     1>NATUtils.obj : warning LNK4075: 忽略“/EDITANDCONTINUE”(由于“/SAFESEH”规范)
         
         正在搜索库
             正在搜索 ..\..\lib\NatNetLibStatic.lib: 
             正在搜索 C:\Program Files (x86)\Windows Kits\8.1\lib\winv6.3\um\x86\ws2_32.lib: 
             正在搜索 C:\Program Files (x86)\Windows Kits\8.1\lib\winv6.3\um\x86\winmm.lib: 
             正在搜索 C:\Program Files (x86)\Windows Kits\8.1\lib\winv6.3\um\x86\kernel32.lib: 
             正在搜索 C:\Program Files (x86)\Windows Kits\8.1\lib\winv6.3\um\x86\user32.lib: 
             正在搜索 C:\Program Files (x86)\Windows Kits\8.1\lib\winv6.3\um\x86\gdi32.lib: 
             正在搜索 C:\Program Files (x86)\Windows Kits\8.1\lib\winv6.3\um\x86\winspool.lib: 
             正在搜索 C:\Program Files (x86)\Windows Kits\8.1\lib\winv6.3\um\x86\comdlg32.lib: 
             正在搜索 C:\Program Files (x86)\Windows Kits\8.1\lib\winv6.3\um\x86\advapi32.lib: 
             正在搜索 C:\Program Files (x86)\Windows Kits\8.1\lib\winv6.3\um\x86\shell32.lib: 
             正在搜索 C:\Program Files (x86)\Windows Kits\8.1\lib\winv6.3\um\x86\ole32.lib: 
             正在搜索 C:\Program Files (x86)\Windows Kits\8.1\lib\winv6.3\um\x86\oleaut32.lib: 
             正在搜索 C:\Program Files (x86)\Windows Kits\8.1\lib\winv6.3\um\x86\uuid.lib: 
             正在搜索 C:\Program Files (x86)\Windows Kits\8.1\lib\winv6.3\um\x86\odbc32.lib: 
             正在搜索 C:\Program Files (x86)\Windows Kits\8.1\lib\winv6.3\um\x86\odbccp32.lib: 
             正在搜索 C:\Program Files (x86)\Windows Kits\8.1\lib\winv6.3\um\x86\IPHLPAPI.lib: 
             正在搜索 D:\Program Files (x86)\Microsoft Visual Studio 12.0\VC\lib\MSVCRTD.lib: 
             正在搜索 D:\Program Files (x86)\Microsoft Visual Studio 12.0\VC\lib\OLDNAMES.lib: 
             正在搜索 D:\Program Files (x86)\Microsoft Visual Studio 12.0\VC\lib\msvcprt.lib: 
             正在搜索 D:\Program Files (x86)\Microsoft Visual Studio 12.0\VC\lib\MSVCRT.lib: 
             正在搜索 ..\..\lib\NatNetLibStatic.lib: 
             正在搜索 C:\Program Files (x86)\Windows Kits\8.1\lib\winv6.3\um\x86\ws2_32.lib: 
             正在搜索 C:\Program Files (x86)\Windows Kits\8.1\lib\winv6.3\um\x86\winmm.lib: 
             正在搜索 C:\Program Files (x86)\Windows Kits\8.1\lib\winv6.3\um\x86\kernel32.lib: 
             正在搜索 C:\Program Files (x86)\Windows Kits\8.1\lib\winv6.3\um\x86\user32.lib: 
             正在搜索 C:\Program Files (x86)\Windows Kits\8.1\lib\winv6.3\um\x86\gdi32.lib: 
             正在搜索 C:\Program Files (x86)\Windows Kits\8.1\lib\winv6.3\um\x86\winspool.lib: 
             正在搜索 C:\Program Files (x86)\Windows Kits\8.1\lib\winv6.3\um\x86\comdlg32.lib: 
             正在搜索 C:\Program Files (x86)\Windows Kits\8.1\lib\winv6.3\um\x86\advapi32.lib: 
             正在搜索 C:\Program Files (x86)\Windows Kits\8.1\lib\winv6.3\um\x86\shell32.lib: 
             正在搜索 C:\Program Files (x86)\Windows Kits\8.1\lib\winv6.3\um\x86\ole32.lib: 
             正在搜索 C:\Program Files (x86)\Windows Kits\8.1\lib\winv6.3\um\x86\oleaut32.lib: 
             正在搜索 C:\Program Files (x86)\Windows Kits\8.1\lib\winv6.3\um\x86\uuid.lib: 
             正在搜索 C:\Program Files (x86)\Windows Kits\8.1\lib\winv6.3\um\x86\odbc32.lib: 
             正在搜索 C:\Program Files (x86)\Windows Kits\8.1\lib\winv6.3\um\x86\odbccp32.lib: 
             正在搜索 C:\Program Files (x86)\Windows Kits\8.1\lib\winv6.3\um\x86\IPHLPAPI.lib: 
             正在搜索 D:\Program Files (x86)\Microsoft Visual Studio 12.0\VC\lib\MSVCRTD.lib: 
             正在搜索 D:\Program Files (x86)\Microsoft Visual Studio 12.0\VC\lib\OLDNAMES.lib: 
             正在搜索 D:\Program Files (x86)\Microsoft Visual Studio 12.0\VC\lib\msvcprt.lib: 
         
         已完成库搜索
     1>LINK : warning LNK4098: 默认库“MSVCRT”与其他库的使用冲突；请使用 /NODEFAULTLIB:library
         
         正在搜索库
             正在搜索 ..\..\lib\NatNetLibStatic.lib: 
             正在搜索 C:\Program Files (x86)\Windows Kits\8.1\lib\winv6.3\um\x86\ws2_32.lib: 
             正在搜索 C:\Program Files (x86)\Windows Kits\8.1\lib\winv6.3\um\x86\winmm.lib: 
             正在搜索 C:\Program Files (x86)\Windows Kits\8.1\lib\winv6.3\um\x86\kernel32.lib: 
             正在搜索 C:\Program Files (x86)\Windows Kits\8.1\lib\winv6.3\um\x86\user32.lib: 
             正在搜索 C:\Program Files (x86)\Windows Kits\8.1\lib\winv6.3\um\x86\gdi32.lib: 
             正在搜索 C:\Program Files (x86)\Windows Kits\8.1\lib\winv6.3\um\x86\winspool.lib: 
             正在搜索 C:\Program Files (x86)\Windows Kits\8.1\lib\winv6.3\um\x86\comdlg32.lib: 
             正在搜索 C:\Program Files (x86)\Windows Kits\8.1\lib\winv6.3\um\x86\advapi32.lib: 
             正在搜索 C:\Program Files (x86)\Windows Kits\8.1\lib\winv6.3\um\x86\shell32.lib: 
             正在搜索 C:\Program Files (x86)\Windows Kits\8.1\lib\winv6.3\um\x86\ole32.lib: 
             正在搜索 C:\Program Files (x86)\Windows Kits\8.1\lib\winv6.3\um\x86\oleaut32.lib: 
             正在搜索 C:\Program Files (x86)\Windows Kits\8.1\lib\winv6.3\um\x86\uuid.lib: 
             正在搜索 C:\Program Files (x86)\Windows Kits\8.1\lib\winv6.3\um\x86\odbc32.lib: 
             正在搜索 C:\Program Files (x86)\Windows Kits\8.1\lib\winv6.3\um\x86\odbccp32.lib: 
             正在搜索 C:\Program Files (x86)\Windows Kits\8.1\lib\winv6.3\um\x86\IPHLPAPI.lib: 
             正在搜索 D:\Program Files (x86)\Microsoft Visual Studio 12.0\VC\lib\MSVCRTD.lib: 
             正在搜索 D:\Program Files (x86)\Microsoft Visual Studio 12.0\VC\lib\OLDNAMES.lib: 
             正在搜索 D:\Program Files (x86)\Microsoft Visual Studio 12.0\VC\lib\msvcprt.lib: 
             正在搜索 D:\Program Files (x86)\Microsoft Visual Studio 12.0\VC\lib\MSVCRT.lib: 
             正在搜索 ..\..\lib\NatNetLibStatic.lib: 
             正在搜索 C:\Program Files (x86)\Windows Kits\8.1\lib\winv6.3\um\x86\ws2_32.lib: 
             正在搜索 C:\Program Files (x86)\Windows Kits\8.1\lib\winv6.3\um\x86\winmm.lib: 
             正在搜索 C:\Program Files (x86)\Windows Kits\8.1\lib\winv6.3\um\x86\kernel32.lib: 
             正在搜索 C:\Program Files (x86)\Windows Kits\8.1\lib\winv6.3\um\x86\user32.lib: 
             正在搜索 C:\Program Files (x86)\Windows Kits\8.1\lib\winv6.3\um\x86\gdi32.lib: 
             正在搜索 C:\Program Files (x86)\Windows Kits\8.1\lib\winv6.3\um\x86\winspool.lib: 
             正在搜索 C:\Program Files (x86)\Windows Kits\8.1\lib\winv6.3\um\x86\comdlg32.lib: 
             正在搜索 C:\Program Files (x86)\Windows Kits\8.1\lib\winv6.3\um\x86\advapi32.lib: 
             正在搜索 C:\Program Files (x86)\Windows Kits\8.1\lib\winv6.3\um\x86\shell32.lib: 
             正在搜索 C:\Program Files (x86)\Windows Kits\8.1\lib\winv6.3\um\x86\ole32.lib: 
             正在搜索 C:\Program Files (x86)\Windows Kits\8.1\lib\winv6.3\um\x86\oleaut32.lib: 
             正在搜索 C:\Program Files (x86)\Windows Kits\8.1\lib\winv6.3\um\x86\uuid.lib: 
             正在搜索 C:\Program Files (x86)\Windows Kits\8.1\lib\winv6.3\um\x86\odbc32.lib: 
             正在搜索 C:\Program Files (x86)\Windows Kits\8.1\lib\winv6.3\um\x86\odbccp32.lib: 
             正在搜索 C:\Program Files (x86)\Windows Kits\8.1\lib\winv6.3\um\x86\IPHLPAPI.lib: 
         
         已完成库搜索
     1>NatNetLibStatic.lib(NatNetHelper.obj) : warning LNK4099: 未找到 PDB“vc100.pdb”(使用“NatNetLibStatic.lib(NatNetHelper.obj)”或在“E:\document and program\program_xyz\OptiTrack\Samples\bin\vc100.pdb”中寻找)；正在链接对象，如同没有调试信息一样
     1>NatNetLibStatic.lib(NatNetServer.obj) : warning LNK4099: 未找到 PDB“vc100.pdb”(使用“NatNetLibStatic.lib(NatNetServer.obj)”或在“E:\document and program\program_xyz\OptiTrack\Samples\bin\vc100.pdb”中寻找)；正在链接对象，如同没有调试信息一样
     1>NatNetLibStatic.lib(ServerCore.obj) : warning LNK4099: 未找到 PDB“vc100.pdb”(使用“NatNetLibStatic.lib(ServerCore.obj)”或在“E:\document and program\program_xyz\OptiTrack\Samples\bin\vc100.pdb”中寻找)；正在链接对象，如同没有调试信息一样
     1>NatNetLibStatic.lib(UnicastServerCore.obj) : warning LNK4099: 未找到 PDB“vc100.pdb”(使用“NatNetLibStatic.lib(UnicastServerCore.obj)”或在“E:\document and program\program_xyz\OptiTrack\Samples\bin\vc100.pdb”中寻找)；正在链接对象，如同没有调试信息一样
         SimpleServer.vcxproj -> E:\document and program\program_xyz\OptiTrack\Samples\\bin\SimpleServer.exe
     1>已完成生成项目“E:\document and program\program_xyz\OptiTrack\Samples\SimpleServer\SimpleServer.vcxproj”(Build 个目标)的操作。

生成成功。

已用时间 00:00:01.48
