e:\projects\kinect\kinect for windows samples\bodybasics-d2d\debug\vc120.pdb
e:\projects\kinect\kinect for windows samples\bodybasics-d2d\debug\vc120.idb
e:\projects\kinect\kinect for windows samples\bodybasics-d2d\debug\bodybasics.obj
e:\projects\kinect\kinect for windows samples\bodybasics-d2d\debug\mathxyz.obj
e:\projects\kinect\kinect for windows samples\bodybasics-d2d\debug\kinectxyz.obj
e:\projects\kinect\kinect for windows samples\bodybasics-d2d\debug\bodybasics.res
e:\projects\kinect\kinect for windows samples\bodybasics-d2d\debug\bodybasics-d2d.pdb
e:\projects\kinect\kinect for windows samples\bodybasics-d2d\debug\bodybasics-d2d.tlog\cl.command.1.tlog
e:\projects\kinect\kinect for windows samples\bodybasics-d2d\debug\bodybasics-d2d.tlog\cl.read.1.tlog
e:\projects\kinect\kinect for windows samples\bodybasics-d2d\debug\bodybasics-d2d.tlog\cl.write.1.tlog
e:\projects\kinect\kinect for windows samples\bodybasics-d2d\debug\bodybasics-d2d.tlog\link.8148-cvtres.read.1.tlog
e:\projects\kinect\kinect for windows samples\bodybasics-d2d\debug\bodybasics-d2d.tlog\link.8148-cvtres.write.1.tlog
e:\projects\kinect\kinect for windows samples\bodybasics-d2d\debug\bodybasics-d2d.tlog\link.8148-rc.read.1.tlog
e:\projects\kinect\kinect for windows samples\bodybasics-d2d\debug\bodybasics-d2d.tlog\link.8148-rc.write.1.tlog
e:\projects\kinect\kinect for windows samples\bodybasics-d2d\debug\bodybasics-d2d.tlog\link.8148.read.1.tlog
e:\projects\kinect\kinect for windows samples\bodybasics-d2d\debug\bodybasics-d2d.tlog\link.8148.write.1.tlog
e:\projects\kinect\kinect for windows samples\bodybasics-d2d\debug\bodybasics-d2d.tlog\link.command.1.tlog
e:\projects\kinect\kinect for windows samples\bodybasics-d2d\debug\bodybasics-d2d.tlog\link.read.1.tlog
e:\projects\kinect\kinect for windows samples\bodybasics-d2d\debug\bodybasics-d2d.tlog\link.write.1.tlog
e:\projects\kinect\kinect for windows samples\bodybasics-d2d\debug\bodybasics-d2d.tlog\rc.command.1.tlog
e:\projects\kinect\kinect for windows samples\bodybasics-d2d\debug\bodybasics-d2d.tlog\rc.read.1.tlog
e:\projects\kinect\kinect for windows samples\bodybasics-d2d\debug\bodybasics-d2d.tlog\rc.write.1.tlog
